<?xml version="1.0" encoding="UTF-8"?>
<testsuite xmlns:xsi="http://www.w3.org/2001/XMLSchema-instance" xsi:noNamespaceSchemaLocation="https://maven.apache.org/surefire/maven-surefire-plugin/xsd/surefire-test-report-3.0.xsd" version="3.0" name="TestSuite" time="96.291" tests="9" errors="0" skipped="0" failures="0">
  <properties>
[...]
</properties>
  <testcase name="runScenario[&quot;On page Laptop Hp G8 page click on &apos;Buy&apos; and &apos;To order&apos; buttons&quot;, &quot;Rozetka HP G8 Laptop page&quot;](1)" classname="com.cursor.runner.CucumberRunnerTests" time="13.944">
    <system-out><![CDATA[
@Tag
Scenario: On page Laptop Hp G8 page click on 'Buy' and 'To order' buttons &amp#27;[90m# src/test/resources/features/FirstLaptopHPPage.feature:7&amp#27;[0m
  &amp#27;[32mGiven &amp#27;[0m&amp#27;[32mI am On Rozetka Laptop HP G8 page&amp#27;[0m                                 &amp#27;[90m# com.cursor.definitions.FirstLaptopHPPageDefinition.iAmInLaptopHPG8Page()&amp#27;[0m
&amp#27;[32mINFO &amp#27;[m	&amp#27;[34m2022-10-21  20:47:12.021&amp#27;[m FirstLaptopHPPage:20 - &amp#27;[32mClicking on 'Buy' button&amp#27;[m 
  &amp#27;[32mWhen &amp#27;[0m&amp#27;[32mI click on 'Buy' button&amp#27;[0m                                            &amp#27;[90m# com.cursor.definitions.FirstLaptopHPPageDefinition.clickOnBuyButton()&amp#27;[0m
&amp#27;[32mINFO &amp#27;[m	&amp#27;[34m2022-10-21  20:47:13.904&amp#27;[m FirstLaptopHPPage:27 - &amp#27;[32mClicking on 'To order' button&amp#27;[m 
  &amp#27;[32mWhen &amp#27;[0m&amp#27;[32mI click on 'To order' button&amp#27;[0m                                       &amp#27;[90m# com.cursor.definitions.FirstLaptopHPPageDefinition.clickOnToOrderButton()&amp#27;[0m
  &amp#27;[32mThen &amp#27;[0m&amp#27;[32mthe page title should start with &amp#27;[0m&amp#27;[32m&amp#27;[1m"ROZETKA вЂ” РћС„РѕСЂРјР»РµРЅРЅСЏ Р·Р°РјРѕРІР»РµРЅРЅСЏ"&amp#27;[0m &amp#27;[90m# com.cursor.definitions.RozetkaMainPageDefinition.checkTitle(java.lang.String)&amp#27;[0m
]]></system-out>
    <system-err><![CDATA[SLF4J: Failed to load class "org.slf4j.impl.StaticLoggerBinder".
SLF4J: Defaulting to no-operation (NOP) logger implementation
SLF4J: See http://www.slf4j.org/codes.html#StaticLoggerBinder for further details.
Starting ChromeDriver 106.0.5249.61 (511755355844955cd3e264779baf0dd38212a4d0-refs/branch-heads/5249@{#569}) on port 62828
Only local connections are allowed.
Please see https://chromedriver.chromium.org/security-considerations for suggestions on keeping ChromeDriver safe.
ChromeDriver was started successfully.
жовт. 21, 2022 8:47:05 ПП org.openqa.selenium.remote.ProtocolHandshake createSession
INFO: Detected upstream dialect: W3C
жовт. 21, 2022 8:47:05 ПП org.openqa.selenium.devtools.CdpVersionFinder findNearestMatch
WARNING: Unable to find an exact match for CDP version 106, so returning the closest version found: 104
жовт. 21, 2022 8:47:05 ПП org.openqa.selenium.devtools.CdpVersionFinder findNearestMatch
INFO: Found CDP implementation for version 106 of 104
]]></system-err>
  </testcase>
  <testcase name="runScenario[&quot;Take count and total price Products in Basket&quot;, &quot;Rozetka HP G8 Laptop page&quot;](2)" classname="com.cursor.runner.CucumberRunnerTests" time="14.374">
    <system-out><![CDATA[
@Tag
Scenario: Take count and total price Products in Basket                &amp#27;[90m# src/test/resources/features/FirstLaptopHPPage.feature:13&amp#27;[0m
  &amp#27;[32mGiven &amp#27;[0m&amp#27;[32mI am On Rozetka Laptop HP G8 page&amp#27;[0m                              &amp#27;[90m# com.cursor.definitions.FirstLaptopHPPageDefinition.iAmInLaptopHPG8Page()&amp#27;[0m
&amp#27;[32mINFO &amp#27;[m	&amp#27;[34m2022-10-21  20:47:20.751&amp#27;[m FirstLaptopHPPage:20 - &amp#27;[32mClicking on 'Buy' button&amp#27;[m 
  &amp#27;[32mWhen &amp#27;[0m&amp#27;[32mI click on 'Buy' button&amp#27;[0m                                         &amp#27;[90m# com.cursor.definitions.FirstLaptopHPPageDefinition.clickOnBuyButton()&amp#27;[0m
&amp#27;[32mINFO &amp#27;[m	&amp#27;[34m2022-10-21  20:47:22.505&amp#27;[m FirstLaptopHPPage:27 - &amp#27;[32mClicking on 'To order' button&amp#27;[m 
  &amp#27;[32mWhen &amp#27;[0m&amp#27;[32mI click on 'To order' button&amp#27;[0m                                    &amp#27;[90m# com.cursor.definitions.FirstLaptopHPPageDefinition.clickOnToOrderButton()&amp#27;[0m
&amp#27;[32mINFO &amp#27;[m	&amp#27;[34m2022-10-21  20:47:25.658&amp#27;[m BasketPage:18 - &amp#27;[32mGetting count products in Basket&amp#27;[m 
&amp#27;[32mINFO &amp#27;[m	&amp#27;[34m2022-10-21  20:47:25.731&amp#27;[m BasketPage:30 - &amp#27;[32mMethod to take integer number from string&amp#27;[m 
  &amp#27;[32mWhen &amp#27;[0m&amp#27;[32mI take count products in Basket&amp#27;[0m                                 &amp#27;[90m# com.cursor.definitions.BasketPageDefinition.ITakeCountProductsInBasket()&amp#27;[0m
&amp#27;[32mINFO &amp#27;[m	&amp#27;[34m2022-10-21  20:47:27.744&amp#27;[m BasketPage:23 - &amp#27;[32mGetting total price from basket&amp#27;[m 
&amp#27;[32mINFO &amp#27;[m	&amp#27;[34m2022-10-21  20:47:27.773&amp#27;[m BasketPage:30 - &amp#27;[32mMethod to take integer number from string&amp#27;[m 
  &amp#27;[32mWhen &amp#27;[0m&amp#27;[32mI take total prise of products in Basket&amp#27;[0m                        &amp#27;[90m# com.cursor.definitions.BasketPageDefinition.ITakeTotalPriseProductsInBasket()&amp#27;[0m
  &amp#27;[32mThen &amp#27;[0m&amp#27;[32mI check that count products in basket is &amp#27;[0m&amp#27;[32m&amp#27;[1m1&amp#27;[0m                      &amp#27;[90m# com.cursor.definitions.BasketPageDefinition.checkTakeCountProductsInBasket(int)&amp#27;[0m
  &amp#27;[32mThen &amp#27;[0m&amp#27;[32mI check that total prise of products in basket less than &amp#27;[0m&amp#27;[32m&amp#27;[1m200000&amp#27;[0m &amp#27;[90m# com.cursor.definitions.BasketPageDefinition.checkTotalPriseProductsInBasket(int)&amp#27;[0m
]]></system-out>
    <system-err><![CDATA[Starting ChromeDriver 106.0.5249.61 (511755355844955cd3e264779baf0dd38212a4d0-refs/branch-heads/5249@{#569}) on port 51595
Only local connections are allowed.
Please see https://chromedriver.chromium.org/security-considerations for suggestions on keeping ChromeDriver safe.
ChromeDriver was started successfully.
жовт. 21, 2022 8:47:17 ПП org.openqa.selenium.remote.ProtocolHandshake createSession
INFO: Detected upstream dialect: W3C
жовт. 21, 2022 8:47:17 ПП org.openqa.selenium.devtools.CdpVersionFinder findNearestMatch
WARNING: Unable to find an exact match for CDP version 106, so returning the closest version found: 104
жовт. 21, 2022 8:47:17 ПП org.openqa.selenium.devtools.CdpVersionFinder findNearestMatch
INFO: Found CDP implementation for version 106 of 104
]]></system-err>
  </testcase>
  <testcase name="runScenario[&quot;On page with Laptops choose seller &apos;Rozetka&apos; and brand &apos;HP&apos;&quot;, &quot;Rozetka All Laptop page&quot;](3)" classname="com.cursor.runner.CucumberRunnerTests" time="10.345">
    <system-out><![CDATA[
@Tag
Scenario: On page with Laptops choose seller 'Rozetka' and brand 'HP'    &amp#27;[90m# src/test/resources/features/RozetkaAllLaptops.feature:7&amp#27;[0m
  &amp#27;[32mGiven &amp#27;[0m&amp#27;[32mI am On Rozetka Laptops page&amp#27;[0m                                     &amp#27;[90m# com.cursor.definitions.AllLaptopPageDefinition.iAmInRozetkaLaptopsPage()&amp#27;[0m
&amp#27;[32mINFO &amp#27;[m	&amp#27;[34m2022-10-21  20:47:33.673&amp#27;[m AllLaptopPageBO:16 - &amp#27;[32mstart choosing Seller Rozetka And Brand HP in left sorting menu&amp#27;[m 
&amp#27;[32mINFO &amp#27;[m	&amp#27;[34m2022-10-21  20:47:36.193&amp#27;[m AllLaptopPage:43 - &amp#27;[32mChoose seller 'Rozetka' in left side sorting menu&amp#27;[m 
&amp#27;[32mINFO &amp#27;[m	&amp#27;[34m2022-10-21  20:47:38.596&amp#27;[m AllLaptopPage:49 - &amp#27;[32mChoose brand 'HP' in left side sorting menu&amp#27;[m 
  &amp#27;[32mWhen &amp#27;[0m&amp#27;[32mI choose seller Rozetka and brand HP&amp#27;[0m                              &amp#27;[90m# com.cursor.definitions.AllLaptopPageDefinition.iChooseSellerAndBrand()&amp#27;[0m
  &amp#27;[32mThen &amp#27;[0m&amp#27;[32mthe page title should start with &amp#27;[0m&amp#27;[32m&amp#27;[1m"РќРѕСѓС‚Р±СѓРєРё HP, РїСЂРѕРґР°РІРµС†СЊ Rozetka"&amp#27;[0m &amp#27;[90m# com.cursor.definitions.RozetkaMainPageDefinition.checkTitle(java.lang.String)&amp#27;[0m
]]></system-out>
    <system-err><![CDATA[Starting ChromeDriver 106.0.5249.61 (511755355844955cd3e264779baf0dd38212a4d0-refs/branch-heads/5249@{#569}) on port 62860
Only local connections are allowed.
Please see https://chromedriver.chromium.org/security-considerations for suggestions on keeping ChromeDriver safe.
ChromeDriver was started successfully.
жовт. 21, 2022 8:47:31 ПП org.openqa.selenium.remote.ProtocolHandshake createSession
INFO: Detected upstream dialect: W3C
жовт. 21, 2022 8:47:31 ПП org.openqa.selenium.devtools.CdpVersionFinder findNearestMatch
WARNING: Unable to find an exact match for CDP version 106, so returning the closest version found: 104
жовт. 21, 2022 8:47:31 ПП org.openqa.selenium.devtools.CdpVersionFinder findNearestMatch
INFO: Found CDP implementation for version 106 of 104
]]></system-err>
  </testcase>
  <testcase name="runScenario[&quot;On Laptops page, choose seller Rozetka, brand HP and sort price from higher to lower&quot;, &quot;Rozetka All Laptop page&quot;](4)" classname="com.cursor.runner.CucumberRunnerTests" time="9.47">
    <system-out><![CDATA[
@Tag
Scenario: On Laptops page, choose seller Rozetka, brand HP and sort price from higher to lower &amp#27;[90m# src/test/resources/features/RozetkaAllLaptops.feature:12&amp#27;[0m
  &amp#27;[32mGiven &amp#27;[0m&amp#27;[32mI am On Rozetka Laptops page&amp#27;[0m                                                           &amp#27;[90m# com.cursor.definitions.AllLaptopPageDefinition.iAmInRozetkaLaptopsPage()&amp#27;[0m
&amp#27;[32mINFO &amp#27;[m	&amp#27;[34m2022-10-21  20:47:44.150&amp#27;[m AllLaptopPageBO:16 - &amp#27;[32mstart choosing Seller Rozetka And Brand HP in left sorting menu&amp#27;[m 
&amp#27;[32mINFO &amp#27;[m	&amp#27;[34m2022-10-21  20:47:46.669&amp#27;[m AllLaptopPage:43 - &amp#27;[32mChoose seller 'Rozetka' in left side sorting menu&amp#27;[m 
&amp#27;[32mINFO &amp#27;[m	&amp#27;[34m2022-10-21  20:47:48.929&amp#27;[m AllLaptopPage:49 - &amp#27;[32mChoose brand 'HP' in left side sorting menu&amp#27;[m 
  &amp#27;[32mWhen &amp#27;[0m&amp#27;[32mI choose seller Rozetka and brand HP&amp#27;[0m                                                    &amp#27;[90m# com.cursor.definitions.AllLaptopPageDefinition.iChooseSellerAndBrand()&amp#27;[0m
&amp#27;[32mINFO &amp#27;[m	&amp#27;[34m2022-10-21  20:47:49.095&amp#27;[m AllLaptopPageBO:24 - &amp#27;[32mSelect sorting from high to low prise in drop-down menu&amp#27;[m 
&amp#27;[32mINFO &amp#27;[m	&amp#27;[34m2022-10-21  20:47:49.095&amp#27;[m AllLaptopPage:31 - &amp#27;[32mClick on sorting drop-down menu&amp#27;[m 
&amp#27;[32mINFO &amp#27;[m	&amp#27;[34m2022-10-21  20:47:50.119&amp#27;[m AllLaptopPage:37 - &amp#27;[32mSelect 'From Higher to Lower Price' in sorting drop-down menu&amp#27;[m 
  &amp#27;[32mWhen &amp#27;[0m&amp#27;[32mI choose 'From Higher To Lower price' in drop-down menu&amp#27;[0m                                 &amp#27;[90m# com.cursor.definitions.AllLaptopPageDefinition.iChooseFromHigherToLowerPrise()&amp#27;[0m
  &amp#27;[32mThen &amp#27;[0m&amp#27;[32m'From Higher to lower prise' should be selected&amp#27;[0m                                         &amp#27;[90m# com.cursor.definitions.AllLaptopPageDefinition.checkFromHigherToLowerPriseIsSelected()&amp#27;[0m
]]></system-out>
    <system-err><![CDATA[Starting ChromeDriver 106.0.5249.61 (511755355844955cd3e264779baf0dd38212a4d0-refs/branch-heads/5249@{#569}) on port 57269
Only local connections are allowed.
Please see https://chromedriver.chromium.org/security-considerations for suggestions on keeping ChromeDriver safe.
ChromeDriver was started successfully.
жовт. 21, 2022 8:47:42 ПП org.openqa.selenium.remote.ProtocolHandshake createSession
INFO: Detected upstream dialect: W3C
жовт. 21, 2022 8:47:42 ПП org.openqa.selenium.devtools.CdpVersionFinder findNearestMatch
WARNING: Unable to find an exact match for CDP version 106, so returning the closest version found: 104
жовт. 21, 2022 8:47:42 ПП org.openqa.selenium.devtools.CdpVersionFinder findNearestMatch
INFO: Found CDP implementation for version 106 of 104
]]></system-err>
  </testcase>
  <testcase name="runScenario[&quot;On Laptops page after selection seller Rozetka, brand HP and price from higher to lower, choose first laptop&quot;, &quot;Rozetka All Laptop page&quot;](5)" classname="com.cursor.runner.CucumberRunnerTests" time="16.37">
    <system-out><![CDATA[
@Tag
Scenario: On Laptops page after selection seller Rozetka, brand HP and price from higher to lower, choose first laptop &amp#27;[90m# src/test/resources/features/RozetkaAllLaptops.feature:18&amp#27;[0m
  &amp#27;[32mGiven &amp#27;[0m&amp#27;[32mI am On Rozetka Laptops page&amp#27;[0m                                                                                   &amp#27;[90m# com.cursor.definitions.AllLaptopPageDefinition.iAmInRozetkaLaptopsPage()&amp#27;[0m
&amp#27;[32mINFO &amp#27;[m	&amp#27;[34m2022-10-21  20:47:53.675&amp#27;[m AllLaptopPageBO:16 - &amp#27;[32mstart choosing Seller Rozetka And Brand HP in left sorting menu&amp#27;[m 
&amp#27;[32mINFO &amp#27;[m	&amp#27;[34m2022-10-21  20:47:56.183&amp#27;[m AllLaptopPage:43 - &amp#27;[32mChoose seller 'Rozetka' in left side sorting menu&amp#27;[m 
&amp#27;[32mINFO &amp#27;[m	&amp#27;[34m2022-10-21  20:47:58.490&amp#27;[m AllLaptopPage:49 - &amp#27;[32mChoose brand 'HP' in left side sorting menu&amp#27;[m 
  &amp#27;[32mWhen &amp#27;[0m&amp#27;[32mI choose seller Rozetka and brand HP&amp#27;[0m                                                                            &amp#27;[90m# com.cursor.definitions.AllLaptopPageDefinition.iChooseSellerAndBrand()&amp#27;[0m
&amp#27;[32mINFO &amp#27;[m	&amp#27;[34m2022-10-21  20:47:58.633&amp#27;[m AllLaptopPageBO:24 - &amp#27;[32mSelect sorting from high to low prise in drop-down menu&amp#27;[m 
&amp#27;[32mINFO &amp#27;[m	&amp#27;[34m2022-10-21  20:47:58.634&amp#27;[m AllLaptopPage:31 - &amp#27;[32mClick on sorting drop-down menu&amp#27;[m 
&amp#27;[32mINFO &amp#27;[m	&amp#27;[34m2022-10-21  20:47:59.744&amp#27;[m AllLaptopPage:37 - &amp#27;[32mSelect 'From Higher to Lower Price' in sorting drop-down menu&amp#27;[m 
  &amp#27;[32mWhen &amp#27;[0m&amp#27;[32mI choose 'From Higher To Lower price' in drop-down menu&amp#27;[0m                                                         &amp#27;[90m# com.cursor.definitions.AllLaptopPageDefinition.iChooseFromHigherToLowerPrise()&amp#27;[0m
  &amp#27;[32mWhen &amp#27;[0m&amp#27;[32mI save title of first product on page&amp#27;[0m                                                                           &amp#27;[90m# com.cursor.definitions.AllLaptopPageDefinition.iSaveTitleOfFirstProductOnPage()&amp#27;[0m
&amp#27;[32mINFO &amp#27;[m	&amp#27;[34m2022-10-21  20:48:03.984&amp#27;[m AllLaptopPage:59 - &amp#27;[32mChoose first laptop on page after sorting&amp#27;[m 
  &amp#27;[32mWhen &amp#27;[0m&amp#27;[32mI choose first Laptop on page&amp#27;[0m                                                                                   &amp#27;[90m# com.cursor.definitions.AllLaptopPageDefinition.chooseFirstLaptop()&amp#27;[0m
titleOfChosenLaptop Ноутбук HP ZBook Studio G8 (4F8J6EA) Turbo Silver – низькі ціни, кредит, оплата частинами в інтернет-магазині ROZETKA | Купити в Україні: Києві, Харкові, Дніпрі, Одесі, Запоріжжі, Львові
titleOfFirstLaptopOnSortedLaptopPage Ноутбук HP ZBook Studio G8 (4F8J6EA) Turbo Silver
  &amp#27;[32mThen &amp#27;[0m&amp#27;[32mthe page title should be equals to title of first Laptop on sorted Laptops page&amp#27;[0m                                 &amp#27;[90m# com.cursor.definitions.AllLaptopPageDefinition.checkChosenLaptopTitle()&amp#27;[0m
]]></system-out>
    <system-err><![CDATA[Starting ChromeDriver 106.0.5249.61 (511755355844955cd3e264779baf0dd38212a4d0-refs/branch-heads/5249@{#569}) on port 53426
Only local connections are allowed.
Please see https://chromedriver.chromium.org/security-considerations for suggestions on keeping ChromeDriver safe.
ChromeDriver was started successfully.
жовт. 21, 2022 8:47:51 ПП org.openqa.selenium.remote.ProtocolHandshake createSession
INFO: Detected upstream dialect: W3C
жовт. 21, 2022 8:47:51 ПП org.openqa.selenium.devtools.CdpVersionFinder findNearestMatch
WARNING: Unable to find an exact match for CDP version 106, so returning the closest version found: 104
жовт. 21, 2022 8:47:51 ПП org.openqa.selenium.devtools.CdpVersionFinder findNearestMatch
INFO: Found CDP implementation for version 106 of 104
]]></system-err>
  </testcase>
  <testcase name="runScenario[&quot;Finding page with laptops&quot;, &quot;Rozetka Search&quot;](6)" classname="com.cursor.runner.CucumberRunnerTests" time="6.646">
    <system-out><![CDATA[
@Tag
Scenario Outline: Finding page with laptops        &amp#27;[90m# src/test/resources/features/RozetkaSearch.feature:12&amp#27;[0m
  &amp#27;[32mGiven &amp#27;[0m&amp#27;[32mI am On Rozetka main page&amp#27;[0m                  &amp#27;[90m# com.cursor.definitions.RozetkaMainPageDefinition.iAmInRozetkaMainPage()&amp#27;[0m
&amp#27;[32mINFO &amp#27;[m	&amp#27;[34m2022-10-21  20:48:09.597&amp#27;[m RozetkaMainPage:19 - &amp#27;[32mClick on SearchBar&amp#27;[m 
&amp#27;[32mINFO &amp#27;[m	&amp#27;[34m2022-10-21  20:48:10.740&amp#27;[m RozetkaMainPage:25 - &amp#27;[32mClear SearchBar&amp#27;[m 
&amp#27;[32mINFO &amp#27;[m	&amp#27;[34m2022-10-21  20:48:10.783&amp#27;[m RozetkaMainPage:31 - &amp#27;[32mSend query 'Laptop' to searchBar&amp#27;[m 
&amp#27;[32mINFO &amp#27;[m	&amp#27;[34m2022-10-21  20:48:10.841&amp#27;[m RozetkaMainPage:37 - &amp#27;[32mClick on search button and go to AllLaptopPage&amp#27;[m 
  &amp#27;[32mWhen &amp#27;[0m&amp#27;[32mI search for &amp#27;[0m&amp#27;[32m&amp#27;[1m"Laptop"&amp#27;[0m                       &amp#27;[90m# com.cursor.definitions.RozetkaMainPageDefinition.searchFor(java.lang.String)&amp#27;[0m
  &amp#27;[32mThen &amp#27;[0m&amp#27;[32mthe page title should start with &amp#27;[0m&amp#27;[32m&amp#27;[1m"РќРѕСѓС‚Р±СѓРєРё"&amp#27;[0m &amp#27;[90m# com.cursor.definitions.RozetkaMainPageDefinition.checkTitle(java.lang.String)&amp#27;[0m
]]></system-out>
    <system-err><![CDATA[Starting ChromeDriver 106.0.5249.61 (511755355844955cd3e264779baf0dd38212a4d0-refs/branch-heads/5249@{#569}) on port 58593
Only local connections are allowed.
Please see https://chromedriver.chromium.org/security-considerations for suggestions on keeping ChromeDriver safe.
ChromeDriver was started successfully.
жовт. 21, 2022 8:48:07 ПП org.openqa.selenium.remote.ProtocolHandshake createSession
INFO: Detected upstream dialect: W3C
жовт. 21, 2022 8:48:07 ПП org.openqa.selenium.devtools.CdpVersionFinder findNearestMatch
WARNING: Unable to find an exact match for CDP version 106, so returning the closest version found: 104
жовт. 21, 2022 8:48:07 ПП org.openqa.selenium.devtools.CdpVersionFinder findNearestMatch
INFO: Found CDP implementation for version 106 of 104
]]></system-err>
  </testcase>
  <testcase name="runScenario[&quot;Finding page with laptops&quot;, &quot;Rozetka Search&quot;](7)" classname="com.cursor.runner.CucumberRunnerTests" time="8.069">
    <system-out><![CDATA[
@Tag
Scenario Outline: Finding page with laptops          &amp#27;[90m# src/test/resources/features/RozetkaSearch.feature:13&amp#27;[0m
  &amp#27;[32mGiven &amp#27;[0m&amp#27;[32mI am On Rozetka main page&amp#27;[0m                    &amp#27;[90m# com.cursor.definitions.RozetkaMainPageDefinition.iAmInRozetkaMainPage()&amp#27;[0m
&amp#27;[32mINFO &amp#27;[m	&amp#27;[34m2022-10-21  20:48:16.753&amp#27;[m RozetkaMainPage:19 - &amp#27;[32mClick on SearchBar&amp#27;[m 
&amp#27;[32mINFO &amp#27;[m	&amp#27;[34m2022-10-21  20:48:16.838&amp#27;[m RozetkaMainPage:25 - &amp#27;[32mClear SearchBar&amp#27;[m 
&amp#27;[32mINFO &amp#27;[m	&amp#27;[34m2022-10-21  20:48:16.894&amp#27;[m RozetkaMainPage:31 - &amp#27;[32mSend query 'телевізор' to searchBar&amp#27;[m 
&amp#27;[32mINFO &amp#27;[m	&amp#27;[34m2022-10-21  20:48:16.982&amp#27;[m RozetkaMainPage:37 - &amp#27;[32mClick on search button and go to AllLaptopPage&amp#27;[m 
  &amp#27;[32mWhen &amp#27;[0m&amp#27;[32mI search for &amp#27;[0m&amp#27;[32m&amp#27;[1m"С‚РµР»РµРІС–Р·РѕСЂ"&amp#27;[0m                      &amp#27;[90m# com.cursor.definitions.RozetkaMainPageDefinition.searchFor(java.lang.String)&amp#27;[0m
  &amp#27;[32mThen &amp#27;[0m&amp#27;[32mthe page title should start with &amp#27;[0m&amp#27;[32m&amp#27;[1m"РўРµР»РµРІС–Р·РѕСЂРё"&amp#27;[0m &amp#27;[90m# com.cursor.definitions.RozetkaMainPageDefinition.checkTitle(java.lang.String)&amp#27;[0m
]]></system-out>
    <system-err><![CDATA[Starting ChromeDriver 106.0.5249.61 (511755355844955cd3e264779baf0dd38212a4d0-refs/branch-heads/5249@{#569}) on port 65487
Only local connections are allowed.
Please see https://chromedriver.chromium.org/security-considerations for suggestions on keeping ChromeDriver safe.
ChromeDriver was started successfully.
жовт. 21, 2022 8:48:14 ПП org.openqa.selenium.remote.ProtocolHandshake createSession
INFO: Detected upstream dialect: W3C
жовт. 21, 2022 8:48:14 ПП org.openqa.selenium.devtools.CdpVersionFinder findNearestMatch
WARNING: Unable to find an exact match for CDP version 106, so returning the closest version found: 104
жовт. 21, 2022 8:48:14 ПП org.openqa.selenium.devtools.CdpVersionFinder findNearestMatch
INFO: Found CDP implementation for version 106 of 104
]]></system-err>
  </testcase>
  <testcase name="runScenario[&quot;Finding page with laptops&quot;, &quot;Rozetka Search&quot;](8)" classname="com.cursor.runner.CucumberRunnerTests" time="6.585">
    <system-out><![CDATA[
@Tag
Scenario Outline: Finding page with laptops                 &amp#27;[90m# src/test/resources/features/RozetkaSearch.feature:14&amp#27;[0m
  &amp#27;[32mGiven &amp#27;[0m&amp#27;[32mI am On Rozetka main page&amp#27;[0m                           &amp#27;[90m# com.cursor.definitions.RozetkaMainPageDefinition.iAmInRozetkaMainPage()&amp#27;[0m
&amp#27;[32mINFO &amp#27;[m	&amp#27;[34m2022-10-21  20:48:24.563&amp#27;[m RozetkaMainPage:19 - &amp#27;[32mClick on SearchBar&amp#27;[m 
&amp#27;[32mINFO &amp#27;[m	&amp#27;[34m2022-10-21  20:48:25.274&amp#27;[m RozetkaMainPage:25 - &amp#27;[32mClear SearchBar&amp#27;[m 
&amp#27;[32mINFO &amp#27;[m	&amp#27;[34m2022-10-21  20:48:25.447&amp#27;[m RozetkaMainPage:31 - &amp#27;[32mSend query 'телефон' to searchBar&amp#27;[m 
&amp#27;[32mINFO &amp#27;[m	&amp#27;[34m2022-10-21  20:48:25.515&amp#27;[m RozetkaMainPage:37 - &amp#27;[32mClick on search button and go to AllLaptopPage&amp#27;[m 
  &amp#27;[32mWhen &amp#27;[0m&amp#27;[32mI search for &amp#27;[0m&amp#27;[32m&amp#27;[1m"С‚РµР»РµС„РѕРЅ"&amp#27;[0m                               &amp#27;[90m# com.cursor.definitions.RozetkaMainPageDefinition.searchFor(java.lang.String)&amp#27;[0m
  &amp#27;[32mThen &amp#27;[0m&amp#27;[32mthe page title should start with &amp#27;[0m&amp#27;[32m&amp#27;[1m"РњРѕР±С–Р»СЊРЅС– С‚РµР»РµС„РѕРЅРё"&amp#27;[0m &amp#27;[90m# com.cursor.definitions.RozetkaMainPageDefinition.checkTitle(java.lang.String)&amp#27;[0m
]]></system-out>
    <system-err><![CDATA[Starting ChromeDriver 106.0.5249.61 (511755355844955cd3e264779baf0dd38212a4d0-refs/branch-heads/5249@{#569}) on port 56569
Only local connections are allowed.
Please see https://chromedriver.chromium.org/security-considerations for suggestions on keeping ChromeDriver safe.
ChromeDriver was started successfully.
жовт. 21, 2022 8:48:22 ПП org.openqa.selenium.remote.ProtocolHandshake createSession
INFO: Detected upstream dialect: W3C
жовт. 21, 2022 8:48:22 ПП org.openqa.selenium.devtools.CdpVersionFinder findNearestMatch
WARNING: Unable to find an exact match for CDP version 106, so returning the closest version found: 104
жовт. 21, 2022 8:48:22 ПП org.openqa.selenium.devtools.CdpVersionFinder findNearestMatch
INFO: Found CDP implementation for version 106 of 104
]]></system-err>
  </testcase>
  <testcase name="runScenario[&quot;Finding page with laptops&quot;, &quot;Rozetka Search&quot;](9)" classname="com.cursor.runner.CucumberRunnerTests" time="8.879">
    <system-out><![CDATA[
@Tag
Scenario Outline: Finding page with laptops              &amp#27;[90m# src/test/resources/features/RozetkaSearch.feature:15&amp#27;[0m
  &amp#27;[32mGiven &amp#27;[0m&amp#27;[32mI am On Rozetka main page&amp#27;[0m                        &amp#27;[90m# com.cursor.definitions.RozetkaMainPageDefinition.iAmInRozetkaMainPage()&amp#27;[0m
&amp#27;[32mINFO &amp#27;[m	&amp#27;[34m2022-10-21  20:48:31.566&amp#27;[m RozetkaMainPage:19 - &amp#27;[32mClick on SearchBar&amp#27;[m 
&amp#27;[32mINFO &amp#27;[m	&amp#27;[34m2022-10-21  20:48:31.839&amp#27;[m RozetkaMainPage:25 - &amp#27;[32mClear SearchBar&amp#27;[m 
&amp#27;[32mINFO &amp#27;[m	&amp#27;[34m2022-10-21  20:48:31.902&amp#27;[m RozetkaMainPage:31 - &amp#27;[32mSend query 'пральна машина' to searchBar&amp#27;[m 
&amp#27;[32mINFO &amp#27;[m	&amp#27;[34m2022-10-21  20:48:31.988&amp#27;[m RozetkaMainPage:37 - &amp#27;[32mClick on search button and go to AllLaptopPage&amp#27;[m 
  &amp#27;[32mWhen &amp#27;[0m&amp#27;[32mI search for &amp#27;[0m&amp#27;[32m&amp#27;[1m"РїСЂР°Р»СЊРЅР° РјР°С€РёРЅР°"&amp#27;[0m                     &amp#27;[90m# com.cursor.definitions.RozetkaMainPageDefinition.searchFor(java.lang.String)&amp#27;[0m
  &amp#27;[32mThen &amp#27;[0m&amp#27;[32mthe page title should start with &amp#27;[0m&amp#27;[32m&amp#27;[1m"РџСЂР°Р»СЊРЅС– РјР°С€РёРЅРё"&amp#27;[0m &amp#27;[90m# com.cursor.definitions.RozetkaMainPageDefinition.checkTitle(java.lang.String)&amp#27;[0m
]]></system-out>
    <system-err><![CDATA[Starting ChromeDriver 106.0.5249.61 (511755355844955cd3e264779baf0dd38212a4d0-refs/branch-heads/5249@{#569}) on port 57326
Only local connections are allowed.
Please see https://chromedriver.chromium.org/security-considerations for suggestions on keeping ChromeDriver safe.
ChromeDriver was started successfully.
жовт. 21, 2022 8:48:29 ПП org.openqa.selenium.remote.ProtocolHandshake createSession
INFO: Detected upstream dialect: W3C
жовт. 21, 2022 8:48:29 ПП org.openqa.selenium.devtools.CdpVersionFinder findNearestMatch
WARNING: Unable to find an exact match for CDP version 106, so returning the closest version found: 104
жовт. 21, 2022 8:48:29 ПП org.openqa.selenium.devtools.CdpVersionFinder findNearestMatch
INFO: Found CDP implementation for version 106 of 104
]]></system-err>
  </testcase>
</testsuite>