<?xml version="1.0" encoding="UTF-8"?>
<testng-results ignored="0" total="9" passed="9" failed="0" skipped="0">
  <reporter-output>
  </reporter-output>
  <suite started-at="2022-10-21T20:47:01 EEST" name="All Test Suite" finished-at="2022-10-21T20:48:37 EEST" duration-ms="95657">
    <groups>
      <group name="cucumber">
        <method signature="AbstractTestNGCucumberTests.runScenario(io.cucumber.testng.PickleWrapper,io.cucumber.testng.FeatureWrapper)[pri:0, instance:com.cursor.runner.CucumberRunnerTests@5b239d7d]" name="runScenario" class="io.cucumber.testng.AbstractTestNGCucumberTests"/>
      </group> <!-- cucumber -->
    </groups>
    <test started-at="2022-10-21T20:47:01 EEST" name="D:/Learning_QA/Cursor/HW23_Lecture27_BDD_Gherkin_Cucumber" finished-at="2022-10-21T20:48:37 EEST" duration-ms="95657">
      <class name="com.cursor.runner.CucumberRunnerTests">
        <test-method is-config="true" signature="setUpClass(org.testng.ITestContext)[pri:0, instance:com.cursor.runner.CucumberRunnerTests@5b239d7d]" started-at="2022-10-21T20:47:01 EEST" name="setUpClass" finished-at="2022-10-21T20:47:02 EEST" duration-ms="814" status="PASS">
          <params>
            <param index="0">
              <value>
                <![CDATA[org.testng.TestRunner@329b331f]]>
              </value>
            </param>
          </params>
          <reporter-output>
          </reporter-output>
        </test-method> <!-- setUpClass -->
        <test-method signature="runScenario(io.cucumber.testng.PickleWrapper,io.cucumber.testng.FeatureWrapper)[pri:0, instance:com.cursor.runner.CucumberRunnerTests@5b239d7d]" started-at="2022-10-21T20:47:02 EEST" name="runScenario" description="Runs Cucumber Scenarios" data-provider="scenarios" finished-at="2022-10-21T20:47:16 EEST" duration-ms="13944" status="PASS">
          <params>
            <param index="0">
              <value>
                <![CDATA["On page Laptop Hp G8 page click on 'Buy' and 'To order' buttons"]]>
              </value>
            </param>
            <param index="1">
              <value>
                <![CDATA["Rozetka HP G8 Laptop page"]]>
              </value>
            </param>
          </params>
          <reporter-output>
          </reporter-output>
        </test-method> <!-- runScenario -->
        <test-method signature="runScenario(io.cucumber.testng.PickleWrapper,io.cucumber.testng.FeatureWrapper)[pri:0, instance:com.cursor.runner.CucumberRunnerTests@5b239d7d]" started-at="2022-10-21T20:47:16 EEST" name="runScenario" description="Runs Cucumber Scenarios" data-provider="scenarios" finished-at="2022-10-21T20:47:30 EEST" duration-ms="14374" status="PASS">
          <params>
            <param index="0">
              <value>
                <![CDATA["Take count and total price Products in Basket"]]>
              </value>
            </param>
            <param index="1">
              <value>
                <![CDATA["Rozetka HP G8 Laptop page"]]>
              </value>
            </param>
          </params>
          <reporter-output>
          </reporter-output>
        </test-method> <!-- runScenario -->
        <test-method signature="runScenario(io.cucumber.testng.PickleWrapper,io.cucumber.testng.FeatureWrapper)[pri:0, instance:com.cursor.runner.CucumberRunnerTests@5b239d7d]" started-at="2022-10-21T20:47:30 EEST" name="runScenario" description="Runs Cucumber Scenarios" data-provider="scenarios" finished-at="2022-10-21T20:47:41 EEST" duration-ms="10345" status="PASS">
          <params>
            <param index="0">
              <value>
                <![CDATA["On page with Laptops choose seller 'Rozetka' and brand 'HP'"]]>
              </value>
            </param>
            <param index="1">
              <value>
                <![CDATA["Rozetka All Laptop page"]]>
              </value>
            </param>
          </params>
          <reporter-output>
          </reporter-output>
        </test-method> <!-- runScenario -->
        <test-method signature="runScenario(io.cucumber.testng.PickleWrapper,io.cucumber.testng.FeatureWrapper)[pri:0, instance:com.cursor.runner.CucumberRunnerTests@5b239d7d]" started-at="2022-10-21T20:47:41 EEST" name="runScenario" description="Runs Cucumber Scenarios" data-provider="scenarios" finished-at="2022-10-21T20:47:50 EEST" duration-ms="9469" status="PASS">
          <params>
            <param index="0">
              <value>
                <![CDATA["On Laptops page, choose seller Rozetka, brand HP and sort price from higher to lower"]]>
              </value>
            </param>
            <param index="1">
              <value>
                <![CDATA["Rozetka All Laptop page"]]>
              </value>
            </param>
          </params>
          <reporter-output>
          </reporter-output>
        </test-method> <!-- runScenario -->
        <test-method signature="runScenario(io.cucumber.testng.PickleWrapper,io.cucumber.testng.FeatureWrapper)[pri:0, instance:com.cursor.runner.CucumberRunnerTests@5b239d7d]" started-at="2022-10-21T20:47:50 EEST" name="runScenario" description="Runs Cucumber Scenarios" data-provider="scenarios" finished-at="2022-10-21T20:48:06 EEST" duration-ms="16369" status="PASS">
          <params>
            <param index="0">
              <value>
                <![CDATA["On Laptops page after selection seller Rozetka, brand HP and price from higher to lower, choose first laptop"]]>
              </value>
            </param>
            <param index="1">
              <value>
                <![CDATA["Rozetka All Laptop page"]]>
              </value>
            </param>
          </params>
          <reporter-output>
          </reporter-output>
        </test-method> <!-- runScenario -->
        <test-method signature="runScenario(io.cucumber.testng.PickleWrapper,io.cucumber.testng.FeatureWrapper)[pri:0, instance:com.cursor.runner.CucumberRunnerTests@5b239d7d]" started-at="2022-10-21T20:48:06 EEST" name="runScenario" description="Runs Cucumber Scenarios" data-provider="scenarios" finished-at="2022-10-21T20:48:13 EEST" duration-ms="6645" status="PASS">
          <params>
            <param index="0">
              <value>
                <![CDATA["Finding page with laptops"]]>
              </value>
            </param>
            <param index="1">
              <value>
                <![CDATA["Rozetka Search"]]>
              </value>
            </param>
          </params>
          <reporter-output>
          </reporter-output>
        </test-method> <!-- runScenario -->
        <test-method signature="runScenario(io.cucumber.testng.PickleWrapper,io.cucumber.testng.FeatureWrapper)[pri:0, instance:com.cursor.runner.CucumberRunnerTests@5b239d7d]" started-at="2022-10-21T20:48:13 EEST" name="runScenario" description="Runs Cucumber Scenarios" data-provider="scenarios" finished-at="2022-10-21T20:48:21 EEST" duration-ms="8069" status="PASS">
          <params>
            <param index="0">
              <value>
                <![CDATA["Finding page with laptops"]]>
              </value>
            </param>
            <param index="1">
              <value>
                <![CDATA["Rozetka Search"]]>
              </value>
            </param>
          </params>
          <reporter-output>
          </reporter-output>
        </test-method> <!-- runScenario -->
        <test-method signature="runScenario(io.cucumber.testng.PickleWrapper,io.cucumber.testng.FeatureWrapper)[pri:0, instance:com.cursor.runner.CucumberRunnerTests@5b239d7d]" started-at="2022-10-21T20:48:21 EEST" name="runScenario" description="Runs Cucumber Scenarios" data-provider="scenarios" finished-at="2022-10-21T20:48:28 EEST" duration-ms="6585" status="PASS">
          <params>
            <param index="0">
              <value>
                <![CDATA["Finding page with laptops"]]>
              </value>
            </param>
            <param index="1">
              <value>
                <![CDATA["Rozetka Search"]]>
              </value>
            </param>
          </params>
          <reporter-output>
          </reporter-output>
        </test-method> <!-- runScenario -->
        <test-method signature="runScenario(io.cucumber.testng.PickleWrapper,io.cucumber.testng.FeatureWrapper)[pri:0, instance:com.cursor.runner.CucumberRunnerTests@5b239d7d]" started-at="2022-10-21T20:48:28 EEST" name="runScenario" description="Runs Cucumber Scenarios" data-provider="scenarios" finished-at="2022-10-21T20:48:37 EEST" duration-ms="8879" status="PASS">
          <params>
            <param index="0">
              <value>
                <![CDATA["Finding page with laptops"]]>
              </value>
            </param>
            <param index="1">
              <value>
                <![CDATA["Rozetka Search"]]>
              </value>
            </param>
          </params>
          <reporter-output>
          </reporter-output>
        </test-method> <!-- runScenario -->
        <test-method is-config="true" signature="tearDownClass()[pri:0, instance:com.cursor.runner.CucumberRunnerTests@5b239d7d]" started-at="2022-10-21T20:48:37 EEST" name="tearDownClass" finished-at="2022-10-21T20:48:37 EEST" duration-ms="93" status="PASS">
          <reporter-output>
          </reporter-output>
        </test-method> <!-- tearDownClass -->
      </class> <!-- com.cursor.runner.CucumberRunnerTests -->
    </test> <!-- D:/Learning_QA/Cursor/HW23_Lecture27_BDD_Gherkin_Cucumber -->
  </suite> <!-- All Test Suite -->
</testng-results>
